mode: set
github.com/niktin06sash/MicroserviceProject/UserManagement_service/internal/repository/db.go:32.79,34.16 2 0
github.com/niktin06sash/MicroserviceProject/UserManagement_service/internal/repository/db.go:34.16,37.3 2 0
github.com/niktin06sash/MicroserviceProject/UserManagement_service/internal/repository/db.go:38.2,38.16 1 0
github.com/niktin06sash/MicroserviceProject/UserManagement_service/internal/repository/db.go:41.43,43.16 2 0
github.com/niktin06sash/MicroserviceProject/UserManagement_service/internal/repository/db.go:43.16,46.3 2 0
github.com/niktin06sash/MicroserviceProject/UserManagement_service/internal/repository/db.go:47.2,47.12 1 0
github.com/niktin06sash/MicroserviceProject/UserManagement_service/internal/repository/db.go:50.38,52.16 2 0
github.com/niktin06sash/MicroserviceProject/UserManagement_service/internal/repository/db.go:52.16,54.3 1 0
github.com/niktin06sash/MicroserviceProject/UserManagement_service/internal/repository/db.go:57.63,60.2 1 0
github.com/niktin06sash/MicroserviceProject/UserManagement_service/internal/repository/db.go:62.80,66.16 3 0
github.com/niktin06sash/MicroserviceProject/UserManagement_service/internal/repository/db.go:66.16,68.3 1 0
github.com/niktin06sash/MicroserviceProject/UserManagement_service/internal/repository/db.go:70.2,71.16 2 0
github.com/niktin06sash/MicroserviceProject/UserManagement_service/internal/repository/db.go:71.16,74.3 2 0
github.com/niktin06sash/MicroserviceProject/UserManagement_service/internal/repository/db.go:76.2,77.16 2 0
github.com/niktin06sash/MicroserviceProject/UserManagement_service/internal/repository/postgres_repository.go:20.56,22.2 1 1
github.com/niktin06sash/MicroserviceProject/UserManagement_service/internal/repository/postgres_repository.go:24.107,31.16 3 1
github.com/niktin06sash/MicroserviceProject/UserManagement_service/internal/repository/postgres_repository.go:31.16,33.36 2 1
github.com/niktin06sash/MicroserviceProject/UserManagement_service/internal/repository/postgres_repository.go:33.36,35.4 1 1
github.com/niktin06sash/MicroserviceProject/UserManagement_service/internal/repository/postgres_repository.go:36.3,36.84 1 1
github.com/niktin06sash/MicroserviceProject/UserManagement_service/internal/repository/postgres_repository.go:39.2,40.81 2 1
github.com/niktin06sash/MicroserviceProject/UserManagement_service/internal/repository/postgres_repository.go:43.116,48.16 4 1
github.com/niktin06sash/MicroserviceProject/UserManagement_service/internal/repository/postgres_repository.go:48.16,50.36 2 1
github.com/niktin06sash/MicroserviceProject/UserManagement_service/internal/repository/postgres_repository.go:50.36,52.4 1 1
github.com/niktin06sash/MicroserviceProject/UserManagement_service/internal/repository/postgres_repository.go:53.3,53.84 1 1
github.com/niktin06sash/MicroserviceProject/UserManagement_service/internal/repository/postgres_repository.go:56.2,57.16 2 1
github.com/niktin06sash/MicroserviceProject/UserManagement_service/internal/repository/postgres_repository.go:57.16,60.3 2 1
github.com/niktin06sash/MicroserviceProject/UserManagement_service/internal/repository/postgres_repository.go:62.2,63.74 2 1
github.com/niktin06sash/MicroserviceProject/UserManagement_service/internal/repository/postgres_repository.go:65.122,69.16 3 1
github.com/niktin06sash/MicroserviceProject/UserManagement_service/internal/repository/postgres_repository.go:69.16,71.36 2 1
github.com/niktin06sash/MicroserviceProject/UserManagement_service/internal/repository/postgres_repository.go:71.36,73.4 1 1
github.com/niktin06sash/MicroserviceProject/UserManagement_service/internal/repository/postgres_repository.go:74.3,74.84 1 1
github.com/niktin06sash/MicroserviceProject/UserManagement_service/internal/repository/postgres_repository.go:76.2,77.16 2 1
github.com/niktin06sash/MicroserviceProject/UserManagement_service/internal/repository/postgres_repository.go:77.16,80.3 2 1
github.com/niktin06sash/MicroserviceProject/UserManagement_service/internal/repository/postgres_repository.go:81.2,82.16 2 1
github.com/niktin06sash/MicroserviceProject/UserManagement_service/internal/repository/postgres_repository.go:82.16,85.3 2 1
github.com/niktin06sash/MicroserviceProject/UserManagement_service/internal/repository/postgres_repository.go:86.2,86.45 1 1
github.com/niktin06sash/MicroserviceProject/UserManagement_service/internal/repository/repository.go:33.44,38.2 1 0
github.com/niktin06sash/MicroserviceProject/UserManagement_service/internal/repository/transactions.go:12.50,14.2 1 0
github.com/niktin06sash/MicroserviceProject/UserManagement_service/internal/repository/transactions.go:16.71,18.2 1 0
github.com/niktin06sash/MicroserviceProject/UserManagement_service/internal/repository/transactions.go:20.75,22.2 1 0
github.com/niktin06sash/MicroserviceProject/UserManagement_service/internal/repository/transactions.go:24.73,26.2 1 0
