mode: set
github.com/niktin06sash/MicroserviceProject/UserManagement_service/internal/repository/db.go:34.44,36.2 1 0
github.com/niktin06sash/MicroserviceProject/UserManagement_service/internal/repository/db.go:38.86,40.16 2 0
github.com/niktin06sash/MicroserviceProject/UserManagement_service/internal/repository/db.go:40.16,43.3 2 0
github.com/niktin06sash/MicroserviceProject/UserManagement_service/internal/repository/db.go:44.2,44.16 1 0
github.com/niktin06sash/MicroserviceProject/UserManagement_service/internal/repository/db.go:47.43,49.16 2 0
github.com/niktin06sash/MicroserviceProject/UserManagement_service/internal/repository/db.go:49.16,52.3 2 0
github.com/niktin06sash/MicroserviceProject/UserManagement_service/internal/repository/db.go:53.2,53.12 1 0
github.com/niktin06sash/MicroserviceProject/UserManagement_service/internal/repository/db.go:56.38,58.16 2 0
github.com/niktin06sash/MicroserviceProject/UserManagement_service/internal/repository/db.go:58.16,60.3 1 0
github.com/niktin06sash/MicroserviceProject/UserManagement_service/internal/repository/db.go:63.68,81.16 6 0
github.com/niktin06sash/MicroserviceProject/UserManagement_service/internal/repository/db.go:81.16,84.3 1 0
github.com/niktin06sash/MicroserviceProject/UserManagement_service/internal/repository/db.go:85.2,86.16 2 0
github.com/niktin06sash/MicroserviceProject/UserManagement_service/internal/repository/db.go:86.16,90.3 2 0
github.com/niktin06sash/MicroserviceProject/UserManagement_service/internal/repository/db.go:91.2,92.29 2 0
github.com/niktin06sash/MicroserviceProject/UserManagement_service/internal/repository/postgres_repository.go:20.103,27.16 3 1
github.com/niktin06sash/MicroserviceProject/UserManagement_service/internal/repository/postgres_repository.go:27.16,29.36 2 1
github.com/niktin06sash/MicroserviceProject/UserManagement_service/internal/repository/postgres_repository.go:29.36,31.4 1 1
github.com/niktin06sash/MicroserviceProject/UserManagement_service/internal/repository/postgres_repository.go:32.3,32.84 1 1
github.com/niktin06sash/MicroserviceProject/UserManagement_service/internal/repository/postgres_repository.go:35.2,36.81 2 1
github.com/niktin06sash/MicroserviceProject/UserManagement_service/internal/repository/postgres_repository.go:39.112,44.16 4 1
github.com/niktin06sash/MicroserviceProject/UserManagement_service/internal/repository/postgres_repository.go:44.16,46.36 2 1
github.com/niktin06sash/MicroserviceProject/UserManagement_service/internal/repository/postgres_repository.go:46.36,48.4 1 1
github.com/niktin06sash/MicroserviceProject/UserManagement_service/internal/repository/postgres_repository.go:49.3,49.84 1 1
github.com/niktin06sash/MicroserviceProject/UserManagement_service/internal/repository/postgres_repository.go:52.2,53.16 2 1
github.com/niktin06sash/MicroserviceProject/UserManagement_service/internal/repository/postgres_repository.go:53.16,56.3 2 1
github.com/niktin06sash/MicroserviceProject/UserManagement_service/internal/repository/postgres_repository.go:58.2,59.74 2 1
github.com/niktin06sash/MicroserviceProject/UserManagement_service/internal/repository/postgres_repository.go:61.118,65.16 3 1
github.com/niktin06sash/MicroserviceProject/UserManagement_service/internal/repository/postgres_repository.go:65.16,67.36 2 1
github.com/niktin06sash/MicroserviceProject/UserManagement_service/internal/repository/postgres_repository.go:67.36,69.4 1 1
github.com/niktin06sash/MicroserviceProject/UserManagement_service/internal/repository/postgres_repository.go:70.3,70.84 1 1
github.com/niktin06sash/MicroserviceProject/UserManagement_service/internal/repository/postgres_repository.go:72.2,73.16 2 1
github.com/niktin06sash/MicroserviceProject/UserManagement_service/internal/repository/postgres_repository.go:73.16,76.3 2 1
github.com/niktin06sash/MicroserviceProject/UserManagement_service/internal/repository/postgres_repository.go:77.2,78.16 2 1
github.com/niktin06sash/MicroserviceProject/UserManagement_service/internal/repository/postgres_repository.go:78.16,81.3 2 1
github.com/niktin06sash/MicroserviceProject/UserManagement_service/internal/repository/postgres_repository.go:82.2,82.45 1 1
github.com/niktin06sash/MicroserviceProject/UserManagement_service/internal/repository/postgres_repository.go:84.70,86.2 1 0
github.com/niktin06sash/MicroserviceProject/UserManagement_service/internal/repository/postgres_repository.go:88.74,90.2 1 0
github.com/niktin06sash/MicroserviceProject/UserManagement_service/internal/repository/postgres_repository.go:92.72,94.2 1 0
github.com/niktin06sash/MicroserviceProject/UserManagement_service/internal/repository/postgres_repository.go:95.48,97.2 1 1
github.com/niktin06sash/MicroserviceProject/UserManagement_service/internal/repository/repository.go:30.44,34.2 1 0
