mode: set
github.com/niktin06sash/MicroserviceProject/UserManagement_service/internal/service/service.go:32.118,38.2 1 0
github.com/niktin06sash/MicroserviceProject/UserManagement_service/internal/service/user_service.go:29.174,32.2 2 0
github.com/niktin06sash/MicroserviceProject/UserManagement_service/internal/service/user_service.go:39.101,43.26 4 1
github.com/niktin06sash/MicroserviceProject/UserManagement_service/internal/service/user_service.go:43.26,46.3 2 0
github.com/niktin06sash/MicroserviceProject/UserManagement_service/internal/service/user_service.go:48.2,49.16 2 1
github.com/niktin06sash/MicroserviceProject/UserManagement_service/internal/service/user_service.go:49.16,53.3 3 0
github.com/niktin06sash/MicroserviceProject/UserManagement_service/internal/service/user_service.go:54.2,54.15 1 1
github.com/niktin06sash/MicroserviceProject/UserManagement_service/internal/service/user_service.go:54.15,55.31 1 1
github.com/niktin06sash/MicroserviceProject/UserManagement_service/internal/service/user_service.go:55.31,58.12 3 0
github.com/niktin06sash/MicroserviceProject/UserManagement_service/internal/service/user_service.go:60.3,60.55 1 1
github.com/niktin06sash/MicroserviceProject/UserManagement_service/internal/service/user_service.go:62.2,63.16 2 1
github.com/niktin06sash/MicroserviceProject/UserManagement_service/internal/service/user_service.go:63.16,67.3 3 0
github.com/niktin06sash/MicroserviceProject/UserManagement_service/internal/service/user_service.go:68.2,70.22 2 1
github.com/niktin06sash/MicroserviceProject/UserManagement_service/internal/service/user_service.go:70.22,75.3 4 0
github.com/niktin06sash/MicroserviceProject/UserManagement_service/internal/service/user_service.go:77.2,81.23 4 1
github.com/niktin06sash/MicroserviceProject/UserManagement_service/internal/service/user_service.go:81.23,86.3 4 0
github.com/niktin06sash/MicroserviceProject/UserManagement_service/internal/service/user_service.go:87.2,87.22 1 1
github.com/niktin06sash/MicroserviceProject/UserManagement_service/internal/service/user_service.go:87.22,92.3 4 0
github.com/niktin06sash/MicroserviceProject/UserManagement_service/internal/service/user_service.go:93.2,94.41 2 1
github.com/niktin06sash/MicroserviceProject/UserManagement_service/internal/service/user_service.go:94.41,98.3 3 0
github.com/niktin06sash/MicroserviceProject/UserManagement_service/internal/service/user_service.go:99.2,101.127 3 1
github.com/niktin06sash/MicroserviceProject/UserManagement_service/internal/service/user_service.go:109.103,112.26 3 0
github.com/niktin06sash/MicroserviceProject/UserManagement_service/internal/service/user_service.go:112.26,115.3 2 0
github.com/niktin06sash/MicroserviceProject/UserManagement_service/internal/service/user_service.go:116.2,116.22 1 0
github.com/niktin06sash/MicroserviceProject/UserManagement_service/internal/service/user_service.go:116.22,120.3 3 0
github.com/niktin06sash/MicroserviceProject/UserManagement_service/internal/service/user_service.go:122.2,123.23 2 0
github.com/niktin06sash/MicroserviceProject/UserManagement_service/internal/service/user_service.go:123.23,127.3 3 0
github.com/niktin06sash/MicroserviceProject/UserManagement_service/internal/service/user_service.go:128.2,128.22 1 0
github.com/niktin06sash/MicroserviceProject/UserManagement_service/internal/service/user_service.go:128.22,132.3 3 0
github.com/niktin06sash/MicroserviceProject/UserManagement_service/internal/service/user_service.go:133.2,134.41 2 0
github.com/niktin06sash/MicroserviceProject/UserManagement_service/internal/service/user_service.go:134.41,138.3 3 0
github.com/niktin06sash/MicroserviceProject/UserManagement_service/internal/service/user_service.go:139.2,141.127 3 0
github.com/niktin06sash/MicroserviceProject/UserManagement_service/internal/service/user_service.go:154.129,159.16 5 0
github.com/niktin06sash/MicroserviceProject/UserManagement_service/internal/service/user_service.go:159.16,163.3 3 0
github.com/niktin06sash/MicroserviceProject/UserManagement_service/internal/service/user_service.go:165.2,165.15 1 0
github.com/niktin06sash/MicroserviceProject/UserManagement_service/internal/service/user_service.go:165.15,166.31 1 0
github.com/niktin06sash/MicroserviceProject/UserManagement_service/internal/service/user_service.go:166.31,169.12 3 0
github.com/niktin06sash/MicroserviceProject/UserManagement_service/internal/service/user_service.go:171.3,171.55 1 0
github.com/niktin06sash/MicroserviceProject/UserManagement_service/internal/service/user_service.go:174.2,174.22 1 0
github.com/niktin06sash/MicroserviceProject/UserManagement_service/internal/service/user_service.go:174.22,179.3 4 0
github.com/niktin06sash/MicroserviceProject/UserManagement_service/internal/service/user_service.go:181.2,182.23 2 0
github.com/niktin06sash/MicroserviceProject/UserManagement_service/internal/service/user_service.go:182.23,187.3 4 0
github.com/niktin06sash/MicroserviceProject/UserManagement_service/internal/service/user_service.go:189.2,189.22 1 0
github.com/niktin06sash/MicroserviceProject/UserManagement_service/internal/service/user_service.go:189.22,194.3 4 0
github.com/niktin06sash/MicroserviceProject/UserManagement_service/internal/service/user_service.go:196.2,197.42 2 0
github.com/niktin06sash/MicroserviceProject/UserManagement_service/internal/service/user_service.go:197.42,202.3 4 0
github.com/niktin06sash/MicroserviceProject/UserManagement_service/internal/service/user_service.go:204.2,206.3 1 0
github.com/niktin06sash/MicroserviceProject/UserManagement_service/internal/service/user_service.go:208.94,210.11 2 1
github.com/niktin06sash/MicroserviceProject/UserManagement_service/internal/service/user_service.go:210.11,212.3 1 0
github.com/niktin06sash/MicroserviceProject/UserManagement_service/internal/service/user_service.go:213.2,214.16 2 1
github.com/niktin06sash/MicroserviceProject/UserManagement_service/internal/service/user_service.go:214.16,216.9 2 0
github.com/niktin06sash/MicroserviceProject/UserManagement_service/internal/service/user_service.go:216.9,218.41 2 0
github.com/niktin06sash/MicroserviceProject/UserManagement_service/internal/service/user_service.go:218.41,220.22 1 0
github.com/niktin06sash/MicroserviceProject/UserManagement_service/internal/service/user_service.go:222.18,224.45 2 0
github.com/niktin06sash/MicroserviceProject/UserManagement_service/internal/service/user_service.go:225.16,228.31 3 0
github.com/niktin06sash/MicroserviceProject/UserManagement_service/internal/service/user_service.go:230.13,233.31 3 0
github.com/niktin06sash/MicroserviceProject/UserManagement_service/internal/service/user_service.go:236.4,236.16 1 0
github.com/niktin06sash/MicroserviceProject/UserManagement_service/internal/service/user_service.go:239.2,239.12 1 1
github.com/niktin06sash/MicroserviceProject/UserManagement_service/internal/service/user_service.go:241.92,242.15 1 0
github.com/niktin06sash/MicroserviceProject/UserManagement_service/internal/service/user_service.go:242.15,243.46 1 0
github.com/niktin06sash/MicroserviceProject/UserManagement_service/internal/service/user_service.go:243.46,245.4 1 0
github.com/niktin06sash/MicroserviceProject/UserManagement_service/internal/service/user_service.go:245.9,247.4 1 0
github.com/niktin06sash/MicroserviceProject/UserManagement_service/internal/service/user_service.go:251.96,252.15 1 1
github.com/niktin06sash/MicroserviceProject/UserManagement_service/internal/service/user_service.go:252.15,253.17 1 1
github.com/niktin06sash/MicroserviceProject/UserManagement_service/internal/service/user_service.go:253.17,255.4 1 0
github.com/niktin06sash/MicroserviceProject/UserManagement_service/internal/service/user_service.go:255.9,256.47 1 1
github.com/niktin06sash/MicroserviceProject/UserManagement_service/internal/service/user_service.go:256.47,259.5 2 0
github.com/niktin06sash/MicroserviceProject/UserManagement_service/internal/service/user_service.go:259.10,261.5 1 1
