mode: set
github.com/niktin06sash/MicroserviceProject/UserManagement_service/internal/service/service.go:32.118,38.2 1 0
github.com/niktin06sash/MicroserviceProject/UserManagement_service/internal/service/user_service.go:29.174,32.2 2 0
github.com/niktin06sash/MicroserviceProject/UserManagement_service/internal/service/user_service.go:39.101,42.9 3 1
github.com/niktin06sash/MicroserviceProject/UserManagement_service/internal/service/user_service.go:42.9,49.3 3 1
github.com/niktin06sash/MicroserviceProject/UserManagement_service/internal/service/user_service.go:50.2,51.26 2 1
github.com/niktin06sash/MicroserviceProject/UserManagement_service/internal/service/user_service.go:51.26,54.3 2 1
github.com/niktin06sash/MicroserviceProject/UserManagement_service/internal/service/user_service.go:55.2,57.16 3 1
github.com/niktin06sash/MicroserviceProject/UserManagement_service/internal/service/user_service.go:57.16,61.3 3 1
github.com/niktin06sash/MicroserviceProject/UserManagement_service/internal/service/user_service.go:62.2,63.15 2 1
github.com/niktin06sash/MicroserviceProject/UserManagement_service/internal/service/user_service.go:63.15,64.31 1 1
github.com/niktin06sash/MicroserviceProject/UserManagement_service/internal/service/user_service.go:64.31,66.27 2 0
github.com/niktin06sash/MicroserviceProject/UserManagement_service/internal/service/user_service.go:66.27,68.5 1 0
github.com/niktin06sash/MicroserviceProject/UserManagement_service/internal/service/user_service.go:70.3,70.26 1 1
github.com/niktin06sash/MicroserviceProject/UserManagement_service/internal/service/user_service.go:70.26,72.4 1 0
github.com/niktin06sash/MicroserviceProject/UserManagement_service/internal/service/user_service.go:75.2,76.16 2 1
github.com/niktin06sash/MicroserviceProject/UserManagement_service/internal/service/user_service.go:76.16,78.26 2 0
github.com/niktin06sash/MicroserviceProject/UserManagement_service/internal/service/user_service.go:78.26,81.4 2 0
github.com/niktin06sash/MicroserviceProject/UserManagement_service/internal/service/user_service.go:82.3,83.65 2 0
github.com/niktin06sash/MicroserviceProject/UserManagement_service/internal/service/user_service.go:85.2,87.22 2 1
github.com/niktin06sash/MicroserviceProject/UserManagement_service/internal/service/user_service.go:87.22,89.26 2 1
github.com/niktin06sash/MicroserviceProject/UserManagement_service/internal/service/user_service.go:89.26,92.4 2 1
github.com/niktin06sash/MicroserviceProject/UserManagement_service/internal/service/user_service.go:93.3,94.65 2 1
github.com/niktin06sash/MicroserviceProject/UserManagement_service/internal/service/user_service.go:97.2,100.49 4 1
github.com/niktin06sash/MicroserviceProject/UserManagement_service/internal/service/user_service.go:100.49,102.26 2 1
github.com/niktin06sash/MicroserviceProject/UserManagement_service/internal/service/user_service.go:102.26,105.4 2 1
github.com/niktin06sash/MicroserviceProject/UserManagement_service/internal/service/user_service.go:106.3,107.76 2 1
github.com/niktin06sash/MicroserviceProject/UserManagement_service/internal/service/user_service.go:109.2,110.22 2 1
github.com/niktin06sash/MicroserviceProject/UserManagement_service/internal/service/user_service.go:110.22,112.26 2 0
github.com/niktin06sash/MicroserviceProject/UserManagement_service/internal/service/user_service.go:112.26,115.4 2 0
github.com/niktin06sash/MicroserviceProject/UserManagement_service/internal/service/user_service.go:116.3,117.65 2 0
github.com/niktin06sash/MicroserviceProject/UserManagement_service/internal/service/user_service.go:119.2,120.41 2 1
github.com/niktin06sash/MicroserviceProject/UserManagement_service/internal/service/user_service.go:120.41,122.26 2 1
github.com/niktin06sash/MicroserviceProject/UserManagement_service/internal/service/user_service.go:122.26,125.4 2 1
github.com/niktin06sash/MicroserviceProject/UserManagement_service/internal/service/user_service.go:126.3,127.65 2 1
github.com/niktin06sash/MicroserviceProject/UserManagement_service/internal/service/user_service.go:129.2,129.52 1 1
github.com/niktin06sash/MicroserviceProject/UserManagement_service/internal/service/user_service.go:129.52,131.26 2 1
github.com/niktin06sash/MicroserviceProject/UserManagement_service/internal/service/user_service.go:131.26,134.4 2 1
github.com/niktin06sash/MicroserviceProject/UserManagement_service/internal/service/user_service.go:135.3,136.17 2 1
github.com/niktin06sash/MicroserviceProject/UserManagement_service/internal/service/user_service.go:136.17,140.4 3 0
github.com/niktin06sash/MicroserviceProject/UserManagement_service/internal/service/user_service.go:141.3,142.65 2 1
github.com/niktin06sash/MicroserviceProject/UserManagement_service/internal/service/user_service.go:144.2,148.127 5 1
github.com/niktin06sash/MicroserviceProject/UserManagement_service/internal/service/user_service.go:156.103,159.9 3 1
github.com/niktin06sash/MicroserviceProject/UserManagement_service/internal/service/user_service.go:159.9,166.3 3 1
github.com/niktin06sash/MicroserviceProject/UserManagement_service/internal/service/user_service.go:167.2,168.26 2 0
github.com/niktin06sash/MicroserviceProject/UserManagement_service/internal/service/user_service.go:168.26,171.3 2 0
github.com/niktin06sash/MicroserviceProject/UserManagement_service/internal/service/user_service.go:172.2,172.22 1 0
github.com/niktin06sash/MicroserviceProject/UserManagement_service/internal/service/user_service.go:172.22,176.3 3 0
github.com/niktin06sash/MicroserviceProject/UserManagement_service/internal/service/user_service.go:178.2,179.23 2 0
github.com/niktin06sash/MicroserviceProject/UserManagement_service/internal/service/user_service.go:179.23,183.3 3 0
github.com/niktin06sash/MicroserviceProject/UserManagement_service/internal/service/user_service.go:184.2,185.22 2 0
github.com/niktin06sash/MicroserviceProject/UserManagement_service/internal/service/user_service.go:185.22,189.3 3 0
github.com/niktin06sash/MicroserviceProject/UserManagement_service/internal/service/user_service.go:190.2,191.41 2 0
github.com/niktin06sash/MicroserviceProject/UserManagement_service/internal/service/user_service.go:191.41,195.3 3 0
github.com/niktin06sash/MicroserviceProject/UserManagement_service/internal/service/user_service.go:196.2,198.127 3 0
github.com/niktin06sash/MicroserviceProject/UserManagement_service/internal/service/user_service.go:211.129,214.9 3 1
github.com/niktin06sash/MicroserviceProject/UserManagement_service/internal/service/user_service.go:214.9,221.3 3 1
github.com/niktin06sash/MicroserviceProject/UserManagement_service/internal/service/user_service.go:222.2,224.16 3 0
github.com/niktin06sash/MicroserviceProject/UserManagement_service/internal/service/user_service.go:224.16,228.3 3 0
github.com/niktin06sash/MicroserviceProject/UserManagement_service/internal/service/user_service.go:230.2,231.15 2 0
github.com/niktin06sash/MicroserviceProject/UserManagement_service/internal/service/user_service.go:231.15,232.31 1 0
github.com/niktin06sash/MicroserviceProject/UserManagement_service/internal/service/user_service.go:232.31,234.27 2 0
github.com/niktin06sash/MicroserviceProject/UserManagement_service/internal/service/user_service.go:234.27,236.5 1 0
github.com/niktin06sash/MicroserviceProject/UserManagement_service/internal/service/user_service.go:239.3,239.26 1 0
github.com/niktin06sash/MicroserviceProject/UserManagement_service/internal/service/user_service.go:239.26,241.4 1 0
github.com/niktin06sash/MicroserviceProject/UserManagement_service/internal/service/user_service.go:244.2,244.22 1 0
github.com/niktin06sash/MicroserviceProject/UserManagement_service/internal/service/user_service.go:244.22,245.26 1 0
github.com/niktin06sash/MicroserviceProject/UserManagement_service/internal/service/user_service.go:245.26,248.4 2 0
github.com/niktin06sash/MicroserviceProject/UserManagement_service/internal/service/user_service.go:249.3,251.61 3 0
github.com/niktin06sash/MicroserviceProject/UserManagement_service/internal/service/user_service.go:254.2,255.49 2 0
github.com/niktin06sash/MicroserviceProject/UserManagement_service/internal/service/user_service.go:255.49,256.26 1 0
github.com/niktin06sash/MicroserviceProject/UserManagement_service/internal/service/user_service.go:256.26,259.4 2 0
github.com/niktin06sash/MicroserviceProject/UserManagement_service/internal/service/user_service.go:260.3,262.72 3 0
github.com/niktin06sash/MicroserviceProject/UserManagement_service/internal/service/user_service.go:265.2,265.22 1 0
github.com/niktin06sash/MicroserviceProject/UserManagement_service/internal/service/user_service.go:265.22,266.26 1 0
github.com/niktin06sash/MicroserviceProject/UserManagement_service/internal/service/user_service.go:266.26,269.4 2 0
github.com/niktin06sash/MicroserviceProject/UserManagement_service/internal/service/user_service.go:270.3,272.61 3 0
github.com/niktin06sash/MicroserviceProject/UserManagement_service/internal/service/user_service.go:275.2,276.41 2 0
github.com/niktin06sash/MicroserviceProject/UserManagement_service/internal/service/user_service.go:276.41,278.26 2 0
github.com/niktin06sash/MicroserviceProject/UserManagement_service/internal/service/user_service.go:278.26,281.4 2 0
github.com/niktin06sash/MicroserviceProject/UserManagement_service/internal/service/user_service.go:282.3,283.61 2 0
github.com/niktin06sash/MicroserviceProject/UserManagement_service/internal/service/user_service.go:285.2,285.52 1 0
github.com/niktin06sash/MicroserviceProject/UserManagement_service/internal/service/user_service.go:285.52,286.26 1 0
github.com/niktin06sash/MicroserviceProject/UserManagement_service/internal/service/user_service.go:286.26,289.4 2 0
github.com/niktin06sash/MicroserviceProject/UserManagement_service/internal/service/user_service.go:290.3,292.61 3 0
github.com/niktin06sash/MicroserviceProject/UserManagement_service/internal/service/user_service.go:294.2,299.3 4 0
github.com/niktin06sash/MicroserviceProject/UserManagement_service/internal/service/user_service.go:301.94,303.11 2 1
github.com/niktin06sash/MicroserviceProject/UserManagement_service/internal/service/user_service.go:303.11,305.3 1 0
github.com/niktin06sash/MicroserviceProject/UserManagement_service/internal/service/user_service.go:306.2,307.16 2 1
github.com/niktin06sash/MicroserviceProject/UserManagement_service/internal/service/user_service.go:307.16,309.9 2 1
github.com/niktin06sash/MicroserviceProject/UserManagement_service/internal/service/user_service.go:309.9,311.41 2 1
github.com/niktin06sash/MicroserviceProject/UserManagement_service/internal/service/user_service.go:311.41,313.22 1 1
github.com/niktin06sash/MicroserviceProject/UserManagement_service/internal/service/user_service.go:315.18,317.45 2 1
github.com/niktin06sash/MicroserviceProject/UserManagement_service/internal/service/user_service.go:318.16,321.31 3 1
github.com/niktin06sash/MicroserviceProject/UserManagement_service/internal/service/user_service.go:323.13,326.31 3 1
github.com/niktin06sash/MicroserviceProject/UserManagement_service/internal/service/user_service.go:329.4,329.16 1 1
github.com/niktin06sash/MicroserviceProject/UserManagement_service/internal/service/user_service.go:332.2,332.12 1 1
github.com/niktin06sash/MicroserviceProject/UserManagement_service/internal/service/user_service.go:334.92,335.15 1 1
github.com/niktin06sash/MicroserviceProject/UserManagement_service/internal/service/user_service.go:335.15,337.3 1 1
github.com/niktin06sash/MicroserviceProject/UserManagement_service/internal/service/user_service.go:339.2,342.28 3 1
github.com/niktin06sash/MicroserviceProject/UserManagement_service/internal/service/user_service.go:342.28,345.17 3 1
github.com/niktin06sash/MicroserviceProject/UserManagement_service/internal/service/user_service.go:345.17,348.4 2 1
github.com/niktin06sash/MicroserviceProject/UserManagement_service/internal/service/user_service.go:350.3,352.29 2 0
github.com/niktin06sash/MicroserviceProject/UserManagement_service/internal/service/user_service.go:352.29,354.9 2 0
github.com/niktin06sash/MicroserviceProject/UserManagement_service/internal/service/user_service.go:357.3,357.37 1 0
